<?xml version="1.0" encoding="UTF-8"?>
<coverage generated="1665213650233" clover="3.2.0">
  <project timestamp="1665213650233" name="All files">
    <metrics statements="15" coveredstatements="14" conditionals="4" coveredconditionals="3" methods="4" coveredmethods="4" elements="23" coveredelements="21" complexity="0" loc="15" ncloc="15" packages="1" files="1" classes="1"/>
    <file name="gradeCalculation.js" path="/Users/efraimwijaya/Desktop/testNode/dicoding/javascript/testing/latihan_testing/gradeCalculation.js">
      <metrics statements="15" coveredstatements="14" conditionals="4" coveredconditionals="3" methods="4" coveredmethods="4"/>
      <line num="1" count="1" type="stmt"/>
      <line num="2" count="12" type="stmt"/>
      <line num="3" count="3" type="cond" truecount="1" falsecount="1"/>
      <line num="4" count="0" type="stmt"/>
      <line num="7" count="12" type="stmt"/>
      <line num="8" count="3" type="stmt"/>
      <line num="11" count="1" type="stmt"/>
      <line num="12" count="2" type="stmt"/>
      <line num="13" count="2" type="stmt"/>
      <line num="15" count="2" type="cond" truecount="2" falsecount="0"/>
      <line num="16" count="1" type="stmt"/>
      <line num="17" count="1" type="stmt"/>
      <line num="20" count="1" type="stmt"/>
      <line num="21" count="1" type="stmt"/>
      <line num="25" count="1" type="stmt"/>
    </file>
  </project>
</coverage>
